Using pre-set license
Built from '2021.3/staging' branch; Version is '2021.3.16f1 (4016570cf34f) revision 4200023'; Using compiler version '192829333'; Build Type 'Release'
OS: 'Windows 11  (10.0.22000) 64bit CoreSingleLanguage' Language: 'ru' Physical Memory: 15716 MB
BatchMode: 1, IsHumanControllingUs: 0, StartBugReporterOnCrash: 0, Is64bit: 1, IsPro: 1

COMMAND LINE ARGUMENTS:
C:\Program Files\Unity\Hub\Editor\2021.3.16f1\Editor\Unity.exe
-adb2
-batchMode
-noUpm
-name
AssetImportWorker2
-projectPath
C:/Users/Ciel3/My project
-logFile
Logs/AssetImportWorker2.log
-srvPort
52810
Successfully changed project path to: C:/Users/Ciel3/My project
C:/Users/Ciel3/My project
[UnityMemory] Configuration Parameters - Can be set up in boot.config
    "memorysetup-bucket-allocator-granularity=16"
    "memorysetup-bucket-allocator-bucket-count=8"
    "memorysetup-bucket-allocator-block-size=33554432"
    "memorysetup-bucket-allocator-block-count=8"
    "memorysetup-main-allocator-block-size=16777216"
    "memorysetup-thread-allocator-block-size=16777216"
    "memorysetup-gfx-main-allocator-block-size=16777216"
    "memorysetup-gfx-thread-allocator-block-size=16777216"
    "memorysetup-cache-allocator-block-size=4194304"
    "memorysetup-typetree-allocator-block-size=2097152"
    "memorysetup-profiler-bucket-allocator-granularity=16"
    "memorysetup-profiler-bucket-allocator-bucket-count=8"
    "memorysetup-profiler-bucket-allocator-block-size=33554432"
    "memorysetup-profiler-bucket-allocator-block-count=8"
    "memorysetup-profiler-allocator-block-size=16777216"
    "memorysetup-profiler-editor-allocator-block-size=1048576"
    "memorysetup-temp-allocator-size-main=16777216"
    "memorysetup-job-temp-allocator-block-size=2097152"
    "memorysetup-job-temp-allocator-block-size-background=1048576"
    "memorysetup-job-temp-allocator-reduction-small-platforms=262144"
    "memorysetup-temp-allocator-size-background-worker=32768"
    "memorysetup-temp-allocator-size-job-worker=262144"
    "memorysetup-temp-allocator-size-preload-manager=33554432"
    "memorysetup-temp-allocator-size-nav-mesh-worker=65536"
    "memorysetup-temp-allocator-size-audio-worker=65536"
    "memorysetup-temp-allocator-size-cloud-worker=32768"
    "memorysetup-temp-allocator-size-gi-baking-worker=262144"
    "memorysetup-temp-allocator-size-gfx=262144"
Player connection [4576] Host "[IP] 192.168.1.249 [Port] 0 [Flags] 2 [Guid] 195190744 [EditorId] 195190744 [Version] 1048832 [Id] WindowsEditor(7,Victus30rus) [Debug] 1 [PackageName] WindowsEditor [ProjectName] Editor" joined multi-casting on [225.0.0.222:54997]...

Player connection [4576] Host "[IP] 192.168.1.249 [Port] 0 [Flags] 2 [Guid] 195190744 [EditorId] 195190744 [Version] 1048832 [Id] WindowsEditor(7,Victus30rus) [Debug] 1 [PackageName] WindowsEditor [ProjectName] Editor" joined alternative multi-casting on [225.0.0.222:34997]...

Refreshing native plugins compatible for Editor in 77.37 ms, found 3 plugins.
Preloading 0 native plugins for Editor in 0.00 ms.
Initialize engine version: 2021.3.16f1 (4016570cf34f)
[Subsystems] Discovering subsystems at path C:/Program Files/Unity/Hub/Editor/2021.3.16f1/Editor/Data/Resources/UnitySubsystems
[Subsystems] Discovering subsystems at path C:/Users/Ciel3/My project/Assets
GfxDevice: creating device client; threaded=0; jobified=0
Direct3D:
    Version:  Direct3D 11.0 [level 11.1]
    Renderer: NVIDIA GeForce RTX 3060 Laptop GPU (ID=0x2520)
    Vendor:   NVIDIA
    VRAM:     6023 MB
    Driver:   30.0.15.1278
Initialize mono
Mono path[0] = 'C:/Program Files/Unity/Hub/Editor/2021.3.16f1/Editor/Data/Managed'
Mono path[1] = 'C:/Program Files/Unity/Hub/Editor/2021.3.16f1/Editor/Data/MonoBleedingEdge/lib/mono/unityjit-win32'
Mono config path = 'C:/Program Files/Unity/Hub/Editor/2021.3.16f1/Editor/Data/MonoBleedingEdge/etc'
Using monoOptions --debugger-agent=transport=dt_socket,embedding=1,server=y,suspend=n,address=127.0.0.1:56776
Begin MonoManager ReloadAssembly
Registering precompiled unity dll's ...
Register platform support module: C:/Program Files/Unity/Hub/Editor/2021.3.16f1/Editor/Data/PlaybackEngines/WebGLSupport/UnityEditor.WebGL.Extensions.dll
Register platform support module: C:/Program Files/Unity/Hub/Editor/2021.3.16f1/Editor/Data/PlaybackEngines/AndroidPlayer/UnityEditor.Android.Extensions.dll
Register platform support module: C:/Program Files/Unity/Hub/Editor/2021.3.16f1/Editor/Data/PlaybackEngines/iOSSupport/UnityEditor.iOS.Extensions.dll
Register platform support module: C:/Program Files/Unity/Hub/Editor/2021.3.16f1/Editor/Data/PlaybackEngines/WindowsStandaloneSupport/UnityEditor.WindowsStandalone.Extensions.dll
Registered in 0.008103 seconds.
Native extension for WindowsStandalone target not found
[usbmuxd] Start listen thread
[usbmuxd] Listen thread started
Native extension for iOS target not found
Native extension for Android target not found
Native extension for WebGL target not found
Refreshing native plugins compatible for Editor in 63.50 ms, found 3 plugins.
Preloading 0 native plugins for Editor in 0.00 ms.
Mono: successfully reloaded assembly
- Completed reload, in  0.528 seconds
Domain Reload Profiling:
	ReloadAssembly (528ms)
		BeginReloadAssembly (58ms)
			ExecutionOrderSort (0ms)
			DisableScriptedObjects (0ms)
			BackupInstance (0ms)
			ReleaseScriptingObjects (0ms)
			CreateAndSetChildDomain (1ms)
		EndReloadAssembly (379ms)
			LoadAssemblies (57ms)
			RebuildTransferFunctionScriptingTraits (0ms)
			SetupTypeCache (81ms)
			ReleaseScriptCaches (0ms)
			RebuildScriptCaches (22ms)
			SetupLoadedEditorAssemblies (233ms)
				LogAssemblyErrors (0ms)
				InitializePlatformSupportModulesInManaged (59ms)
				SetLoadedEditorAssemblies (0ms)
				RefreshPlugins (64ms)
				BeforeProcessingInitializeOnLoad (1ms)
				ProcessInitializeOnLoadAttributes (74ms)
				ProcessInitializeOnLoadMethodAttributes (35ms)
				AfterProcessingInitializeOnLoad (0ms)
				EditorAssembliesLoaded (0ms)
			ExecutionOrderSort2 (0ms)
			AwakeInstancesAfterBackupRestoration (0ms)
Platform modules already initialized, skipping
Registering precompiled user dll's ...
Registered in 0.006802 seconds.
Begin MonoManager ReloadAssembly
Symbol file LoadedFromMemory doesn't match image C:\Users\Ciel3\My project\Library\PackageCache\com.unity.visualscripting@1.7.8\Editor\VisualScripting.Core\Dependencies\YamlDotNet\Unity.VisualScripting.YamlDotNet.dll
Symbol file LoadedFromMemory doesn't match image C:\Users\Ciel3\My project\Library\PackageCache\com.unity.visualscripting@1.7.8\Editor\VisualScripting.Core\Dependencies\DotNetZip\Unity.VisualScripting.IonicZip.dll
Native extension for WindowsStandalone target not found
Native extension for iOS target not found
Native extension for Android target not found
Native extension for WebGL target not found
Refreshing native plugins compatible for Editor in 0.60 ms, found 3 plugins.
Preloading 0 native plugins for Editor in 0.00 ms.
Mono: successfully reloaded assembly
- Completed reload, in  0.907 seconds
Domain Reload Profiling:
	ReloadAssembly (907ms)
		BeginReloadAssembly (198ms)
			ExecutionOrderSort (0ms)
			DisableScriptedObjects (5ms)
			BackupInstance (0ms)
			ReleaseScriptingObjects (0ms)
			CreateAndSetChildDomain (126ms)
		EndReloadAssembly (615ms)
			LoadAssemblies (66ms)
			RebuildTransferFunctionScriptingTraits (0ms)
			SetupTypeCache (199ms)
			ReleaseScriptCaches (1ms)
			RebuildScriptCaches (35ms)
			SetupLoadedEditorAssemblies (287ms)
				LogAssemblyErrors (0ms)
				InitializePlatformSupportModulesInManaged (20ms)
				SetLoadedEditorAssemblies (0ms)
				RefreshPlugins (1ms)
				BeforeProcessingInitializeOnLoad (69ms)
				ProcessInitializeOnLoadAttributes (170ms)
				ProcessInitializeOnLoadMethodAttributes (20ms)
				AfterProcessingInitializeOnLoad (7ms)
				EditorAssembliesLoaded (0ms)
			ExecutionOrderSort2 (0ms)
			AwakeInstancesAfterBackupRestoration (5ms)
Platform modules already initialized, skipping
========================================================================
Worker process is ready to serve import requests
Launched and connected shader compiler UnityShaderCompiler.exe after 0.04 seconds
Refreshing native plugins compatible for Editor in 0.90 ms, found 3 plugins.
Preloading 0 native plugins for Editor in 0.00 ms.
Unloading 3361 Unused Serialized files (Serialized files now loaded: 0)
Unloading 27 unused Assets / (113.9 KB). Loaded Objects now: 3820.
Memory consumption went from 115.7 MB to 115.6 MB.
Total: 2.567100 ms (FindLiveObjects: 0.232600 ms CreateObjectMapping: 0.074500 ms MarkObjects: 2.174800 ms  DeleteObjects: 0.084200 ms)

AssetImportParameters requested are different than current active one (requested -> active):
  custom:video-decoder-ogg-theora: a1e56fd34408186e4bbccfd4996cb3dc -> 
  custom:container-muxer-webm: aa71ff27fc2769a1b78a27578f13a17b -> 
  custom:container-demuxer-webm: 4f35f7cbe854078d1ac9338744f61a02 -> 
  custom:video-encoder-webm-vp8: eb34c28f22e8b96e1ab97ce403110664 -> 
  custom:video-codec-MediaFoundation-h265: 746d11721c4dcdbdad8f713fa42b33f4 -> 
  custom:audio-encoder-webm-vorbis: bf7c407c2cedff20999df2af8eb42d56 -> 
  custom:framework-win-MediaFoundation: 216162199b28c13a410421893ffa2e32 -> 
  custom:container-demuxer-ogg: 62fdf1f143b41e24485cea50d1cbac27 -> 
  custom:video-decoder-webm-vp8: 9c59270c3fd7afecdb556c50c9e8de78 -> 
  custom:audio-decoder-ogg-vorbis: bf7c407c2cedff20999df2af8eb42d56 -> 
========================================================================
Received Import Request.
  Time since last request: 3583.842501 seconds.
  path: Assets/Bit2Good/SFS
  artifactKey: Guid(bd75fcf04f50ef44ab2dbfae1797935a) Importer(815301076,1909f56bfc062723c751e8b465ee728b)
Start importing Assets/Bit2Good/SFS using Guid(bd75fcf04f50ef44ab2dbfae1797935a) Importer(815301076,1909f56bfc062723c751e8b465ee728b)  -> (artifact id: '420845eb2bf68a735930948835631d94') in 0.006837 seconds 
========================================================================
Received Import Request.
  Time since last request: 2.059009 seconds.
  path: Assets/Bit2Good/SFS/docs.pdf
  artifactKey: Guid(db1c6942b82e5994c8bbb109051baab7) Importer(815301076,1909f56bfc062723c751e8b465ee728b)
Start importing Assets/Bit2Good/SFS/docs.pdf using Guid(db1c6942b82e5994c8bbb109051baab7) Importer(815301076,1909f56bfc062723c751e8b465ee728b)  -> (artifact id: '82e7f704caa89343bd98145ffc6cb8c2') in 0.022799 seconds 
========================================================================
Received Import Request.
  Time since last request: 265.855077 seconds.
  path: Assets/Bit2Good/SFS/ExampleMaterials
  artifactKey: Guid(992cb739a92116c4b8d04d298efd3434) Importer(815301076,1909f56bfc062723c751e8b465ee728b)
Start importing Assets/Bit2Good/SFS/ExampleMaterials using Guid(992cb739a92116c4b8d04d298efd3434) Importer(815301076,1909f56bfc062723c751e8b465ee728b)  -> (artifact id: '74febe2b2d24e52031fd553abf3444ba') in 0.002079 seconds 
========================================================================
Received Import Request.
  Time since last request: 0.067991 seconds.
  path: Assets/Bit2Good/SFS/ExampleMaterials/DungeonWall.mat
  artifactKey: Guid(7d614c0478f1c3642914d28128c981f4) Importer(815301076,1909f56bfc062723c751e8b465ee728b)
Start importing Assets/Bit2Good/SFS/ExampleMaterials/DungeonWall.mat using Guid(7d614c0478f1c3642914d28128c981f4) Importer(815301076,1909f56bfc062723c751e8b465ee728b)  -> (artifact id: '8692dfa3da580688619290bf9ccb7390') in 0.188657 seconds 
========================================================================
Received Import Request.
  Time since last request: 0.000029 seconds.
  path: Assets/Bit2Good/SFS/ExampleMaterials/TerrainSpecular.mat
  artifactKey: Guid(d5abfa55f3dd3214c869e6bb43fa6a8a) Importer(815301076,1909f56bfc062723c751e8b465ee728b)
Start importing Assets/Bit2Good/SFS/ExampleMaterials/TerrainSpecular.mat using Guid(d5abfa55f3dd3214c869e6bb43fa6a8a) Importer(815301076,1909f56bfc062723c751e8b465ee728b) Shader 'Bit2Good/SFS/Terrain/Specular': fallback shader 'Bit2Good/SFS/Terrain/Diffuse' not found
Shader 'Bit2Good/SFS/Terrain/Specular': dependency 'AddPassShader' shader 'Hidden/Bit2Good/SFS/Terrain/SpecularAddPass' not found
 -> (artifact id: '9b322fdf11e29f315861b3a5c2e4142a') in 0.122495 seconds 
========================================================================
Received Import Request.
  Time since last request: 0.000025 seconds.
  path: Assets/Bit2Good/SFS/ExampleMaterials/TerrainDiffuseTrans.mat
  artifactKey: Guid(495d93f9e4fcb3e4489e98d5e52dd9be) Importer(815301076,1909f56bfc062723c751e8b465ee728b)
Start importing Assets/Bit2Good/SFS/ExampleMaterials/TerrainDiffuseTrans.mat using Guid(495d93f9e4fcb3e4489e98d5e52dd9be) Importer(815301076,1909f56bfc062723c751e8b465ee728b) Shader 'Bit2Good/SFS/Terrain/Diffuse Translucent': dependency 'AddPassShader' shader 'Hidden/Bit2Good/SFS/Terrain/DiffuseTAddPass' not found
Shader 'Bit2Good/SFS/Terrain/Diffuse Translucent': dependency 'AddPassShader' shader 'Hidden/Bit2Good/SFS/Terrain/DiffuseTAddPass' not found
 -> (artifact id: '20f82614bd78678e19d47cc959431568') in 0.076041 seconds 
========================================================================
Received Import Request.
  Time since last request: 0.000018 seconds.
  path: Assets/Bit2Good/SFS/ExampleMaterials/Ice.mat
  artifactKey: Guid(b70196e7655c0694e809919ce25a2a9e) Importer(815301076,1909f56bfc062723c751e8b465ee728b)
Start importing Assets/Bit2Good/SFS/ExampleMaterials/Ice.mat using Guid(b70196e7655c0694e809919ce25a2a9e) Importer(815301076,1909f56bfc062723c751e8b465ee728b)  -> (artifact id: 'fe47834965721b5c54752314300640e0') in 0.117114 seconds 
========================================================================
Received Import Request.
  Time since last request: 0.000053 seconds.
  path: Assets/Bit2Good/SFS/ExampleMaterials/PrototypeTron.mat
  artifactKey: Guid(bc6eef0f792a05c4eac3a6350915453c) Importer(815301076,1909f56bfc062723c751e8b465ee728b)
Start importing Assets/Bit2Good/SFS/ExampleMaterials/PrototypeTron.mat using Guid(bc6eef0f792a05c4eac3a6350915453c) Importer(815301076,1909f56bfc062723c751e8b465ee728b)  -> (artifact id: '5098f36efbf55b54ad5ada465afd6282') in 0.091299 seconds 
========================================================================
Received Import Request.
  Time since last request: 0.000026 seconds.
  path: Assets/Bit2Good/SFS/ExampleMaterials/TerrainSpecularTrans.mat
  artifactKey: Guid(df316fb39a0135d438c2b1a800132577) Importer(815301076,1909f56bfc062723c751e8b465ee728b)
Start importing Assets/Bit2Good/SFS/ExampleMaterials/TerrainSpecularTrans.mat using Guid(df316fb39a0135d438c2b1a800132577) Importer(815301076,1909f56bfc062723c751e8b465ee728b) Shader 'Bit2Good/SFS/Terrain/Specular Translucent': fallback shader 'Bit2Good/SFS/Terrain/Diffuse' not found
Shader 'Bit2Good/SFS/Terrain/Specular Translucent': dependency 'AddPassShader' shader 'Hidden/Bit2Good/SFS/Terrain/SpecularTAddPass' not found
 -> (artifact id: 'b086cb61bea440bb656bf523fe5f33c6') in 0.121537 seconds 
Editor requested this worker to shutdown with reason: Scaling down because of idle timeout
AssetImportWorker is now disconnected from the server
Process exiting
Exiting without the bug reporter. Application will terminate with return code 0